0 info it worked if it ends with ok
1 verbose cli [ '/Users/luisydiana/.nvm/v0.10.32/bin/node',
1 verbose cli   '/Users/luisydiana/.nvm/v0.10.32/bin/npm',
1 verbose cli   'run',
1 verbose cli   'start' ]
2 info using npm@1.4.28
3 info using node@v0.10.32
4 verbose run-script [ 'prestart', 'start', 'poststart' ]
5 info prestart api_bff_mercadolibre@1.0.0
6 info start api_bff_mercadolibre@1.0.0
7 verbose unsafe-perm in lifecycle true
8 info api_bff_mercadolibre@1.0.0 Failed to exec start script
9 error api_bff_mercadolibre@1.0.0 start: `nodemon`
9 error Exit status 8
10 error Failed at the api_bff_mercadolibre@1.0.0 start script.
10 error This is most likely a problem with the api_bff_mercadolibre package,
10 error not with npm itself.
10 error Tell the author that this fails on your system:
10 error     nodemon
10 error You can get their info via:
10 error     npm owner ls api_bff_mercadolibre
10 error There is likely additional logging output above.
11 error System Darwin 20.6.0
12 error command "/Users/luisydiana/.nvm/v0.10.32/bin/node" "/Users/luisydiana/.nvm/v0.10.32/bin/npm" "run" "start"
13 error cwd /Volumes/HDD Media/htdocs/factolabs/factolabs.com/mercadolibre/api
14 error node -v v0.10.32
15 error npm -v 1.4.28
16 error code ELIFECYCLE
17 verbose exit [ 1, true ]
